mode: set
github.com/danysoftdev/microservicio-go-mongodb/services/persona_service.go:13.45,14.42 1 1
github.com/danysoftdev/microservicio-go-mongodb/services/persona_service.go:14.42,16.3 1 1
github.com/danysoftdev/microservicio-go-mongodb/services/persona_service.go:17.2,17.39 1 1
github.com/danysoftdev/microservicio-go-mongodb/services/persona_service.go:17.39,19.3 1 1
github.com/danysoftdev/microservicio-go-mongodb/services/persona_service.go:20.2,20.41 1 1
github.com/danysoftdev/microservicio-go-mongodb/services/persona_service.go:20.41,22.3 1 1
github.com/danysoftdev/microservicio-go-mongodb/services/persona_service.go:23.2,23.17 1 1
github.com/danysoftdev/microservicio-go-mongodb/services/persona_service.go:23.17,25.3 1 1
github.com/danysoftdev/microservicio-go-mongodb/services/persona_service.go:26.2,26.75 1 1
github.com/danysoftdev/microservicio-go-mongodb/services/persona_service.go:26.75,28.3 1 1
github.com/danysoftdev/microservicio-go-mongodb/services/persona_service.go:29.2,29.41 1 1
github.com/danysoftdev/microservicio-go-mongodb/services/persona_service.go:29.41,31.3 1 1
github.com/danysoftdev/microservicio-go-mongodb/services/persona_service.go:32.2,32.42 1 1
github.com/danysoftdev/microservicio-go-mongodb/services/persona_service.go:32.42,34.3 1 1
github.com/danysoftdev/microservicio-go-mongodb/services/persona_service.go:36.2,36.12 1 1
github.com/danysoftdev/microservicio-go-mongodb/services/persona_service.go:40.43,41.42 1 0
github.com/danysoftdev/microservicio-go-mongodb/services/persona_service.go:41.42,43.3 1 0
github.com/danysoftdev/microservicio-go-mongodb/services/persona_service.go:46.2,47.16 2 0
github.com/danysoftdev/microservicio-go-mongodb/services/persona_service.go:47.16,49.3 1 0
github.com/danysoftdev/microservicio-go-mongodb/services/persona_service.go:51.2,51.40 1 0
github.com/danysoftdev/microservicio-go-mongodb/services/persona_service.go:55.49,57.2 1 0
github.com/danysoftdev/microservicio-go-mongodb/services/persona_service.go:60.68,61.34 1 1
github.com/danysoftdev/microservicio-go-mongodb/services/persona_service.go:61.34,63.3 1 1
github.com/danysoftdev/microservicio-go-mongodb/services/persona_service.go:65.2,66.33 2 0
github.com/danysoftdev/microservicio-go-mongodb/services/persona_service.go:66.33,68.3 1 0
github.com/danysoftdev/microservicio-go-mongodb/services/persona_service.go:70.2,70.21 1 0
github.com/danysoftdev/microservicio-go-mongodb/services/persona_service.go:74.65,75.40 1 1
github.com/danysoftdev/microservicio-go-mongodb/services/persona_service.go:75.40,77.3 1 0
github.com/danysoftdev/microservicio-go-mongodb/services/persona_service.go:79.2,79.42 1 1
github.com/danysoftdev/microservicio-go-mongodb/services/persona_service.go:79.42,81.3 1 0
github.com/danysoftdev/microservicio-go-mongodb/services/persona_service.go:84.2,84.30 1 1
github.com/danysoftdev/microservicio-go-mongodb/services/persona_service.go:84.30,86.3 1 1
github.com/danysoftdev/microservicio-go-mongodb/services/persona_service.go:89.2,90.33 2 0
github.com/danysoftdev/microservicio-go-mongodb/services/persona_service.go:90.33,92.3 1 0
github.com/danysoftdev/microservicio-go-mongodb/services/persona_service.go:94.2,94.53 1 0
github.com/danysoftdev/microservicio-go-mongodb/services/persona_service.go:98.44,99.40 1 1
github.com/danysoftdev/microservicio-go-mongodb/services/persona_service.go:99.40,101.3 1 1
github.com/danysoftdev/microservicio-go-mongodb/services/persona_service.go:103.2,104.33 2 0
github.com/danysoftdev/microservicio-go-mongodb/services/persona_service.go:104.33,106.3 1 0
github.com/danysoftdev/microservicio-go-mongodb/services/persona_service.go:108.2,108.48 1 0
